<?xml version="1.0" encoding="UTF-8"?>
<!-- Generated by org.testng.reporters.JUnitReportReporter -->
<testsuite hostname="sonali" failures="0" tests="5" name="TestNGStudy.TestClassGroupsTestCases" time="0.023" errors="0" timestamp="2023-12-31T00:45:44 IST" skipped="0">
  <testcase classname="TestNGStudy.TestClassGroupsTestCases" name="Tc5" time="0.003">
    <system-out>
      <![CDATA[TestClass 5 is running]]>
    </system-out>
  </testcase> <!-- Tc5 -->
  <testcase classname="TestNGStudy.TestClassGroupsTestCases" name="Tc1" time="0.013">
    <system-out>
      <![CDATA[TestClass 1 is running]]>
    </system-out>
  </testcase> <!-- Tc1 -->
  <testcase classname="TestNGStudy.TestClassGroupsTestCases" name="Tc2" time="0.002">
    <system-out>
      <![CDATA[TestClass 2 is running]]>
    </system-out>
  </testcase> <!-- Tc2 -->
  <testcase classname="TestNGStudy.TestClassGroupsTestCases" name="Tc3" time="0.002">
    <system-out>
      <![CDATA[TestClass 3 is running]]>
    </system-out>
  </testcase> <!-- Tc3 -->
  <testcase classname="TestNGStudy.TestClassGroupsTestCases" name="Tc4" time="0.003">
    <system-out>
      <![CDATA[TestClass 4 is running]]>
    </system-out>
  </testcase> <!-- Tc4 -->
  <system-out>
    <![CDATA[TestClass 1 is running
TestClass 2 is running
TestClass 3 is running
TestClass 4 is running
TestClass 5 is running]]>
  </system-out>
</testsuite> <!-- TestNGStudy.TestClassGroupsTestCases -->
