<?xml version="1.0" encoding="UTF-8"?>
<!-- Generated by org.testng.reporters.JUnitReportReporter -->
<testsuite hostname="sonali" failures="0" tests="1" name="TestNGStudy.MyTestNgProgramfirst" time="4.587" errors="0" timestamp="2023-12-15T23:17:59 IST" skipped="0">
  <testcase classname="TestNGStudy.MyTestNgProgramfirst" name="MyClass" time="4.587"/>
</testsuite> <!-- TestNGStudy.MyTestNgProgramfirst -->
