<?xml version="1.0" encoding="UTF-8"?>
<!-- Generated by org.testng.reporters.JUnitReportReporter -->
<testsuite hostname="sonali" failures="0" tests="10" name="TestNGStudy.keywordINVOCATIONCount" time="0.012" errors="0" timestamp="2023-12-30T13:10:23 IST" skipped="0">
  <testcase classname="TestNGStudy.keywordINVOCATIONCount" name="t" time="0.007">
    <system-out>
      <![CDATA[Test Case m is Running]]>
    </system-out>
  </testcase> <!-- t -->
  <testcase classname="TestNGStudy.keywordINVOCATIONCount" name="t" time="0.001">
    <system-out>
      <![CDATA[Test Case m is Running]]>
    </system-out>
  </testcase> <!-- t -->
  <testcase classname="TestNGStudy.keywordINVOCATIONCount" name="u" time="0.000">
    <system-out>
      <![CDATA[Test Case m is Running]]>
    </system-out>
  </testcase> <!-- u -->
  <testcase classname="TestNGStudy.keywordINVOCATIONCount" name="u" time="0.000">
    <system-out>
      <![CDATA[Test Case m is Running]]>
    </system-out>
  </testcase> <!-- u -->
  <testcase classname="TestNGStudy.keywordINVOCATIONCount" name="u" time="0.001">
    <system-out>
      <![CDATA[Test Case m is Running]]>
    </system-out>
  </testcase> <!-- u -->
  <testcase classname="TestNGStudy.keywordINVOCATIONCount" name="m" time="0.001">
    <system-out>
      <![CDATA[Test Case m is Running]]>
    </system-out>
  </testcase> <!-- m -->
  <testcase classname="TestNGStudy.keywordINVOCATIONCount" name="p" time="0.000">
    <system-out>
      <![CDATA[Test Case m is Running]]>
    </system-out>
  </testcase> <!-- p -->
  <testcase classname="TestNGStudy.keywordINVOCATIONCount" name="p" time="0.001">
    <system-out>
      <![CDATA[Test Case m is Running]]>
    </system-out>
  </testcase> <!-- p -->
  <testcase classname="TestNGStudy.keywordINVOCATIONCount" name="p" time="0.000">
    <system-out>
      <![CDATA[Test Case m is Running]]>
    </system-out>
  </testcase> <!-- p -->
  <testcase classname="TestNGStudy.keywordINVOCATIONCount" name="p" time="0.001">
    <system-out>
      <![CDATA[Test Case m is Running]]>
    </system-out>
  </testcase> <!-- p -->
  <system-out>
    <![CDATA[Test Case m is Running
Test Case m is Running
Test Case m is Running
Test Case m is Running
Test Case m is Running
Test Case m is Running
Test Case m is Running
Test Case m is Running
Test Case m is Running
Test Case m is Running]]>
  </system-out>
</testsuite> <!-- TestNGStudy.keywordINVOCATIONCount -->
