<?xml version="1.0" encoding="UTF-8"?>
<!-- Generated by org.testng.reporters.JUnitReportReporter -->
<testsuite hostname="sonali" failures="0" tests="5" name="TestNGStudy.KeywordPriorityStudy" time="0.009" errors="0" timestamp="2023-12-30T12:55:28 IST" skipped="0">
  <testcase classname="TestNGStudy.KeywordPriorityStudy" name="testCaseE" time="0.004">
    <system-out>
      <![CDATA[testCaseE is Running]]>
    </system-out>
  </testcase> <!-- testCaseE -->
  <testcase classname="TestNGStudy.KeywordPriorityStudy" name="testCaseC" time="0.001">
    <system-out>
      <![CDATA[testCaseC is Running]]>
    </system-out>
  </testcase> <!-- testCaseC -->
  <testcase classname="TestNGStudy.KeywordPriorityStudy" name="testCaseA" time="0.001">
    <system-out>
      <![CDATA[testCaseA is Running]]>
    </system-out>
  </testcase> <!-- testCaseA -->
  <testcase classname="TestNGStudy.KeywordPriorityStudy" name="testCaseD" time="0.003">
    <system-out>
      <![CDATA[testCaseD is Running]]>
    </system-out>
  </testcase> <!-- testCaseD -->
  <testcase classname="TestNGStudy.KeywordPriorityStudy" name="testCaseB" time="0.000">
    <system-out>
      <![CDATA[testCaseB is Running]]>
    </system-out>
  </testcase> <!-- testCaseB -->
  <system-out>
    <![CDATA[Before Class is Running
Before Method is Running
testCaseE is Running
After Method is Running
Before Method is Running
testCaseA is Running
After Method is Running
Before Method is Running
testCaseC is Running
After Method is Running
Before Method is Running
testCaseD is Running
After Method is Running
Before Method is Running
testCaseB is Running
After Method is Running
After Class is Running]]>
  </system-out>
</testsuite> <!-- TestNGStudy.KeywordPriorityStudy -->
