<?xml version="1.0" encoding="UTF-8"?>
<!-- Generated by org.testng.reporters.JUnitReportReporter -->
<testsuite hostname="sonali" failures="0" tests="7" name="TestNGStudy.EnabledKeywordStudy" time="0.520" errors="0" timestamp="2023-12-30T16:42:05 IST" skipped="1">
  <testcase classname="TestNGStudy.EnabledKeywordStudy" name="search" time="0.001">
    <system-out>
      <![CDATA[test case search is running]]>
    </system-out>
  </testcase> <!-- search -->
  <testcase classname="TestNGStudy.EnabledKeywordStudy" name="search" time="0.000">
    <system-out>
      <![CDATA[test case search is running]]>
    </system-out>
  </testcase> <!-- search -->
  <testcase classname="TestNGStudy.EnabledKeywordStudy" name="search" time="0.008">
    <system-out>
      <![CDATA[test case search is running]]>
    </system-out>
  </testcase> <!-- search -->
  <testcase classname="TestNGStudy.EnabledKeywordStudy" name="update" time="0.508">
    <system-out>
      <![CDATA[test case update is running]]>
    </system-out>
  </testcase> <!-- update -->
  <testcase classname="TestNGStudy.EnabledKeywordStudy" name="enabledkeyword" time="0.001">
    <system-out>
      <![CDATA[test case is running]]>
    </system-out>
  </testcase> <!-- enabledkeyword -->
  <testcase classname="TestNGStudy.EnabledKeywordStudy" name="insert" time="0.002">
    <system-out>
      <![CDATA[test case insert is running]]>
    </system-out>
  </testcase> <!-- insert -->
  <testcase classname="TestNGStudy.EnabledKeywordStudy" name="delete">
    <skipped/>
  </testcase> <!-- delete -->
  <system-out>
    <![CDATA[test case search is running
test case search is running
test case search is running
test case is running
test case insert is running
test case update is running]]>
  </system-out>
</testsuite> <!-- TestNGStudy.EnabledKeywordStudy -->
