<?xml version="1.0" encoding="UTF-8"?>
<!-- Generated by org.testng.reporters.JUnitReportReporter -->
<testsuite hostname="sonali" failures="0" tests="1" name="TestNGStudyCoverFox.Validate_testcases_CoverFox" time="10.559" errors="0" timestamp="2023-12-29T13:58:18 IST" skipped="0">
  <testcase classname="TestNGStudyCoverFox.Validate_testcases_CoverFox" name="validateResultNumber" time="10.559">
    <system-out>
      <![CDATA[On Result Page
text Result :49
text Result :49
Test case passed]]>
    </system-out>
  </testcase> <!-- validateResultNumber -->
  <system-out>
    <![CDATA[Launching Browser
On home Page
On Health Page
On members details Page
On Result Page
text Result :49
text Result :49
Test case passed
Closing the Browser]]>
  </system-out>
</testsuite> <!-- TestNGStudyCoverFox.Validate_testcases_CoverFox -->
