<?xml version="1.0" encoding="UTF-8"?>
<!-- Generated by org.testng.reporters.JUnitReportReporter -->
<testsuite hostname="sonali" failures="0" tests="1" name="SerialAndParallelStudy.FlipCartBrowser" time="6.305" errors="0" timestamp="2023-12-31T00:42:03 IST" skipped="0">
  <testcase classname="SerialAndParallelStudy.FlipCartBrowser" name="flipCartLaunch" time="6.305"/>
</testsuite> <!-- SerialAndParallelStudy.FlipCartBrowser -->
