<?xml version="1.0" encoding="UTF-8"?>
<!-- Generated by org.testng.reporters.JUnitReportReporter -->
<testsuite hostname="sonali" failures="0" tests="1" name="SerialAndParallelStudy.MyntraBrowser" time="6.839" errors="0" timestamp="2023-12-31T00:42:03 IST" skipped="0">
  <testcase classname="SerialAndParallelStudy.MyntraBrowser" name="myntraLaunch" time="6.839"/>
</testsuite> <!-- SerialAndParallelStudy.MyntraBrowser -->
