<?xml version="1.0" encoding="UTF-8"?>
<!-- Generated by org.testng.reporters.JUnitReportReporter -->
<testsuite hostname="sonali" failures="0" tests="3" name="TestNGStudy.AnnotationStudy" time="0.011" errors="0" timestamp="2023-12-29T14:21:24 IST" skipped="0">
  <testcase classname="TestNGStudy.AnnotationStudy" name="MyntraBrowser" time="0.002">
    <system-out>
      <![CDATA[Myntra Test case is Running]]>
    </system-out>
  </testcase> <!-- MyntraBrowser -->
  <testcase classname="TestNGStudy.AnnotationStudy" name="FbBrowser" time="0.002">
    <system-out>
      <![CDATA[Fb Test case is Running]]>
    </system-out>
  </testcase> <!-- FbBrowser -->
  <testcase classname="TestNGStudy.AnnotationStudy" name="AmazonBrowser" time="0.007">
    <system-out>
      <![CDATA[Amazon Test case is Running]]>
    </system-out>
  </testcase> <!-- AmazonBrowser -->
  <system-out>
    <![CDATA[Before Class is Running
Before Method is Running
Amazon Test case is Running
After Method is Running
Before Method is Running
Fb Test case is Running
After Method is Running
Before Method is Running
Myntra Test case is Running
After Method is Running
After class is Running]]>
  </system-out>
</testsuite> <!-- TestNGStudy.AnnotationStudy -->
