<?xml version="1.0" encoding="UTF-8"?>
<!-- Generated by org.testng.reporters.JUnitReportReporter -->
<testsuite hostname="sonali" failures="0" tests="2" name="TestNGStudy.TestClass2" time="0.001" errors="0" timestamp="2024-01-04T23:41:54 IST" skipped="0">
  <testcase classname="TestNGStudy.TestClass2" name="Tc4" time="0.000">
    <system-out>
      <![CDATA[TestClass 4 is running]]>
    </system-out>
  </testcase> <!-- Tc4 -->
  <testcase classname="TestNGStudy.TestClass2" name="Tc6" time="0.001">
    <system-out>
      <![CDATA[TestClass 3 is running]]>
    </system-out>
  </testcase> <!-- Tc6 -->
  <system-out>
    <![CDATA[TestClass 1 is running
TestClass 2 is running
TestClass 3 is running
TestClass 4 is running
TestClass 5 is running
TestClass 4 is running
TestClass 3 is running]]>
  </system-out>
</testsuite> <!-- TestNGStudy.TestClass2 -->
