<?xml version="1.0" encoding="UTF-8"?>
<!-- Generated by org.testng.reporters.JUnitReportReporter -->
<testsuite hostname="sonali" failures="0" tests="3" name="TestNGStudy.NewTestNGclass2" time="25.663" errors="0" timestamp="2023-12-28T20:57:28 IST" skipped="0">
  <testcase classname="TestNGStudy.NewTestNGclass2" name="MyAmazonLaunch" time="5.122">
    <system-out>
      <![CDATA[Amazon Test Case Passed]]>
    </system-out>
  </testcase> <!-- MyAmazonLaunch -->
  <testcase classname="TestNGStudy.NewTestNGclass2" name="MyMyntraClass" time="13.026">
    <system-out>
      <![CDATA[Myntra Test Case Passed]]>
    </system-out>
  </testcase> <!-- MyMyntraClass -->
  <testcase classname="TestNGStudy.NewTestNGclass2" name="MyFlipLaunch" time="7.515">
    <system-out>
      <![CDATA[Flipcart Test Case Passed]]>
    </system-out>
  </testcase> <!-- MyFlipLaunch -->
  <system-out>
    <![CDATA[Amazon Test Case Passed
Flipcart Test Case Passed
Myntra Test Case Passed]]>
  </system-out>
</testsuite> <!-- TestNGStudy.NewTestNGclass2 -->
