<?xml version="1.0" encoding="UTF-8"?>
<!-- Generated by org.testng.reporters.JUnitReportReporter -->
<testsuite hostname="sonali" failures="0" tests="1" name="SerialAndParallelStudy.AmazonBrowser" time="5.143" errors="0" timestamp="2023-12-31T00:42:03 IST" skipped="0">
  <testcase classname="SerialAndParallelStudy.AmazonBrowser" name="amazonLaunch" time="5.143"/>
</testsuite> <!-- SerialAndParallelStudy.AmazonBrowser -->
