<?xml version="1.0" encoding="UTF-8"?>
<!-- Generated by org.testng.reporters.JUnitReportReporter -->
<testsuite hostname="sonali" failures="0" tests="1" name="TestNGStudy.TimeOutKeywoedStudy" time="2.027" errors="0" timestamp="2023-12-30T16:29:29 IST" skipped="0">
  <testcase classname="TestNGStudy.TimeOutKeywoedStudy" name="timeOutStudy" time="2.027">
    <system-out>
      <![CDATA[testcase is passed]]>
    </system-out>
  </testcase> <!-- timeOutStudy -->
  <system-out>
    <![CDATA[testcase is passed]]>
  </system-out>
</testsuite> <!-- TestNGStudy.TimeOutKeywoedStudy -->
